<?xml version="1.0" encoding="UTF-8"?>
<!-- Generated by org.testng.reporters.JUnitReportReporter -->
<testsuite skipped="0" hostname="DESKTOP-UQRM2HO" name="test.AddCustomerTest" tests="1" failures="0" timestamp="2020-12-18T16:43:39 CST" time="16.986" errors="0">
  <testcase name="validusershouldbeabletocreateAddCustomer" time="16.986" classname="test.AddCustomerTest"/>
  <system-out/>
</testsuite> <!-- test.AddCustomerTest -->
