<?xml version="1.0" encoding="UTF-8"?>
<!-- Generated by org.testng.reporters.JUnitReportReporter -->
<testsuite skipped="0" hostname="DESKTOP-UQRM2HO" name="test.NewTest" tests="1" failures="0" timestamp="2020-12-10T16:13:32 CST" time="7.575" errors="0">
  <testcase name="validusershouldbeabletologin" time="7.575" classname="test.NewTest"/>
  <system-out/>
</testsuite> <!-- test.NewTest -->
