<?xml version="1.0" encoding="UTF-8"?>
<!-- Generated by org.testng.reporters.JUnitReportReporter -->
<testsuite skipped="0" hostname="DESKTOP-UQRM2HO" name="util.BrowserFactory" tests="1" failures="0" timestamp="2020-12-02T17:05:29 CST" time="6.838" errors="0">
  <testcase name="init" time="6.838" classname="util.BrowserFactory"/>
  <system-out/>
</testsuite> <!-- util.BrowserFactory -->
